talk/build/outputs/logs/manifest-merger-debug-report.txt
-- Merging decision tree log ---
activity#com.kylindev.totalk.app.LoginActivity
INJECTED from src\main\AndroidManifest.xml:47:9-58:20
	android:screenOrientation
		INJECTED from src\main\AndroidManifest.xml
		ADDED from src\main\AndroidManifest.xml:49:13-54
	android:name
		ADDED from src\main\AndroidManifest.xml:48:13-46
activity#com.kylindev.totalk.app.CountryActivity
INJECTED from src\main\AndroidManifest.xml:59:9-130
	android:screenOrientation
		INJECTED from src\main\AndroidManifest.xml
		ADDED from src\main\AndroidManifest.xml:59:87-128
	android:launchMode
		ADDED from src\main\AndroidManifest.xml:59:55-86
	android:name
		ADDED from src\main\AndroidManifest.xml:59:19-54
activity#com.kylindev.totalk.app.ChannelActivity
INJECTED from src\main\AndroidManifest.xml:60:9-154
	android:screenOrientation
		INJECTED from src\main\AndroidManifest.xml
		ADDED from src\main\AndroidManifest.xml:60:87-128
	android:launchMode
		ADDED from src\main\AndroidManifest.xml:60:55-86
	android:exported
		ADDED from src\main\AndroidManifest.xml:60:129-152
	android:name
		ADDED from src\main\AndroidManifest.xml:60:19-54
activity#com.kylindev.totalk.app.ContactActivity
INJECTED from src\main\AndroidManifest.xml:61:9-154
	android:screenOrientation
		INJECTED from src\main\AndroidManifest.xml
		ADDED from src\main\AndroidManifest.xml:61:87-128
	android:launchMode
		ADDED from src\main\AndroidManifest.xml:61:55-86
	android:exported
		ADDED from src\main\AndroidManifest.xml:61:129-152
	android:name
		ADDED from src\main\AndroidManifest.xml:61:19-54
activity#com.kylindev.totalk.app.DeviceScanActivity
INJECTED from src\main\AndroidManifest.xml:62:9-133
	android:screenOrientation
		INJECTED from src\main\AndroidManifest.xml
		ADDED from src\main\AndroidManifest.xml:62:90-131
	android:launchMode
		ADDED from src\main\AndroidManifest.xml:62:58-89
	android:name
		ADDED from src\main\AndroidManifest.xml:62:19-57
activity#com.kylindev.totalk.app.SearchChannel
INJECTED from src\main\AndroidManifest.xml:63:9-128
	android:screenOrientation
		INJECTED from src\main\AndroidManifest.xml
		ADDED from src\main\AndroidManifest.xml:63:85-126
	android:launchMode
		ADDED from src\main\AndroidManifest.xml:63:53-84
	android:name
		ADDED from src\main\AndroidManifest.xml:63:19-52
activity#com.kylindev.totalk.app.MemberChannel
INJECTED from src\main\AndroidManifest.xml:64:9-128
	android:screenOrientation
		INJECTED from src\main\AndroidManifest.xml
		ADDED from src\main\AndroidManifest.xml:64:85-126
	android:launchMode
		ADDED from src\main\AndroidManifest.xml:64:53-84
	android:name
		ADDED from src\main\AndroidManifest.xml:64:19-52
activity#com.kylindev.totalk.app.MapActivity
INJECTED from src\main\AndroidManifest.xml:65:9-126
	android:screenOrientation
		INJECTED from src\main\AndroidManifest.xml
		ADDED from src\main\AndroidManifest.xml:65:83-124
	android:launchMode
		ADDED from src\main\AndroidManifest.xml:65:51-82
	android:name
		ADDED from src\main\AndroidManifest.xml:65:19-50
activity#com.kylindev.totalk.chat.RecyclerViewChatActivity
INJECTED from src\main\AndroidManifest.xml:66:9-159
	android:screenOrientation
		INJECTED from src\main\AndroidManifest.xml
		ADDED from src\main\AndroidManifest.xml:66:116-157
	android:launchMode
		ADDED from src\main\AndroidManifest.xml:66:84-115
	android:name
		ADDED from src\main\AndroidManifest.xml:66:19-83
activity#com.kylindev.pttlib.view.AlarmAlert
INJECTED from src\main\AndroidManifest.xml:100:9-105:57
	android:screenOrientation
		INJECTED from src\main\AndroidManifest.xml
		ADDED from src\main\AndroidManifest.xml:105:13-54
	android:excludeFromRecents
		ADDED from src\main\AndroidManifest.xml:103:13-46
	android:launchMode
		ADDED from src\main\AndroidManifest.xml:102:13-48
	android:theme
		ADDED from src\main\AndroidManifest.xml:104:13-70
	android:name
		ADDED from src\main\AndroidManifest.xml:101:13-63
activity#com.kylindev.pttlib.view.PhoneAlert
INJECTED from src\main\AndroidManifest.xml:106:9-111:57
	android:screenOrientation
		INJECTED from src\main\AndroidManifest.xml
		ADDED from src\main\AndroidManifest.xml:111:13-54
	android:excludeFromRecents
		ADDED from src\main\AndroidManifest.xml:109:13-46
	android:launchMode
		ADDED from src\main\AndroidManifest.xml:108:13-48
	android:theme
		ADDED from src\main\AndroidManifest.xml:110:13-70
	android:name
		ADDED from src\main\AndroidManifest.xml:107:13-63
activity#com.kylindev.pttlib.view.CallPassengerAlert
INJECTED from src\main\AndroidManifest.xml:112:9-117:57
	android:screenOrientation
		INJECTED from src\main\AndroidManifest.xml
		ADDED from src\main\AndroidManifest.xml:117:13-54
	android:excludeFromRecents
		ADDED from src\main\AndroidManifest.xml:115:13-46
	android:launchMode
		ADDED from src\main\AndroidManifest.xml:114:13-48
	android:theme
		ADDED from src\main\AndroidManifest.xml:116:13-70
	android:name
		ADDED from src\main\AndroidManifest.xml:113:13-71
activity#com.kylindev.pttlib.view.WhoGetOrderAlert
INJECTED from src\main\AndroidManifest.xml:119:9-124:57
	android:screenOrientation
		INJECTED from src\main\AndroidManifest.xml
		ADDED from src\main\AndroidManifest.xml:124:13-54
	android:excludeFromRecents
		ADDED from src\main\AndroidManifest.xml:122:13-46
	android:launchMode
		ADDED from src\main\AndroidManifest.xml:121:13-48
	android:theme
		ADDED from src\main\AndroidManifest.xml:123:13-70
	android:name
		ADDED from src\main\AndroidManifest.xml:120:13-69
manifest
ADDED from src\main\AndroidManifest.xml:3:1-155:12
INJECTED from src\main\AndroidManifest.xml:3:1-155:12
INJECTED from src\main\AndroidManifest.xml:3:1-155:12
INJECTED from src\main\AndroidManifest.xml:3:1-155:12
INJECTED from src\main\AndroidManifest.xml:3:1-155:12
INJECTED from src\main\AndroidManifest.xml:3:1-155:12
INJECTED from src\main\AndroidManifest.xml:3:1-155:12
	package
		ADDED from src\main\AndroidManifest.xml:4:5-34
		INJECTED from src\main\AndroidManifest.xml
		INJECTED from src\main\AndroidManifest.xml
	android:versionName
		INJECTED from src\main\AndroidManifest.xml
		ADDED from src\main\AndroidManifest.xml:3:1-155:12
		INJECTED from src\main\AndroidManifest.xml
	android:versionCode
		INJECTED from src\main\AndroidManifest.xml
		ADDED from src\main\AndroidManifest.xml:3:1-155:12
		INJECTED from src\main\AndroidManifest.xml
	xmlns:android
		ADDED from src\main\AndroidManifest.xml:3:11-69
	android:installLocation
		ADDED from src\main\AndroidManifest.xml:5:5-35
uses-feature#android.hardware.microphone
ADDED from src\main\AndroidManifest.xml:7:5-64
	android:name
		ADDED from src\main\AndroidManifest.xml:7:19-61
uses-permission#android.permission.RECORD_AUDIO
ADDED from src\main\AndroidManifest.xml:8:5-71
	android:name
		ADDED from src\main\AndroidManifest.xml:8:22-68
uses-permission#android.permission.INTERNET
ADDED from src\main\AndroidManifest.xml:9:5-67
	android:name
		ADDED from src\main\AndroidManifest.xml:9:22-64
uses-permission#android.permission.WAKE_LOCK
ADDED from src\main\AndroidManifest.xml:10:5-67
	android:name
		ADDED from src\main\AndroidManifest.xml:10:22-65
uses-permission#android.permission.DISABLE_KEYGUARD
ADDED from src\main\AndroidManifest.xml:11:5-75
	android:name
		ADDED from src\main\AndroidManifest.xml:11:22-72
uses-permission#android.permission.SYSTEM_ALERT_WINDOW
ADDED from src\main\AndroidManifest.xml:12:5-77
	android:name
		ADDED from src\main\AndroidManifest.xml:12:22-75
uses-permission#android.permission.VIBRATE
ADDED from src\main\AndroidManifest.xml:13:5-65
	android:name
		ADDED from src\main\AndroidManifest.xml:13:22-63
uses-permission#android.permission.MODIFY_AUDIO_SETTINGS
ADDED from src\main\AndroidManifest.xml:14:5-79
	android:name
		ADDED from src\main\AndroidManifest.xml:14:22-77
uses-permission#android.permission.BLUETOOTH
ADDED from src\main\AndroidManifest.xml:15:5-67
	android:name
		ADDED from src\main\AndroidManifest.xml:15:22-65
uses-permission#android.permission.BLUETOOTH_ADMIN
ADDED from src\main\AndroidManifest.xml:16:4-73
	android:name
		ADDED from src\main\AndroidManifest.xml:16:21-70
uses-permission#android.permission.ACCESS_COARSE_LOCATION
ADDED from src\main\AndroidManifest.xml:17:5-80
	android:name
		ADDED from src\main\AndroidManifest.xml:17:22-78
uses-permission#android.permission.ACCESS_FINE_LOCATION
ADDED from src\main\AndroidManifest.xml:18:5-78
	android:name
		ADDED from src\main\AndroidManifest.xml:18:22-76
uses-permission#android.permission.BROADCAST_STICKY
ADDED from src\main\AndroidManifest.xml:20:5-74
	android:name
		ADDED from src\main\AndroidManifest.xml:20:22-72
uses-permission#android.permission.RECEIVE_BOOT_COMPLETED
ADDED from src\main\AndroidManifest.xml:21:5-81
	android:name
		ADDED from src\main\AndroidManifest.xml:21:22-78
uses-permission#android.permission.CHANGE_NETWORK_STATE
ADDED from src\main\AndroidManifest.xml:22:5-79
	android:name
		ADDED from src\main\AndroidManifest.xml:22:22-76
uses-permission#android.permission.READ_PHONE_STATE
ADDED from src\main\AndroidManifest.xml:25:5-75
	android:name
		ADDED from src\main\AndroidManifest.xml:25:22-72
uses-permission#android.permission.WRITE_EXTERNAL_STORAGE
ADDED from src\main\AndroidManifest.xml:26:2-78
	android:name
		ADDED from src\main\AndroidManifest.xml:26:19-75
uses-permission#android.permission.ACCESS_NETWORK_STATE
ADDED from src\main\AndroidManifest.xml:27:2-76
	android:name
		ADDED from src\main\AndroidManifest.xml:27:19-73
uses-permission#android.permission.ACCESS_WIFI_STATE
ADDED from src\main\AndroidManifest.xml:28:2-73
	android:name
		ADDED from src\main\AndroidManifest.xml:28:19-70
uses-permission#android.permission.CHANGE_WIFI_STATE
ADDED from src\main\AndroidManifest.xml:29:5-75
	android:name
		ADDED from src\main\AndroidManifest.xml:29:22-73
uses-permission#android.permission.GET_TASKS
ADDED from src\main\AndroidManifest.xml:31:2-65
	android:name
		ADDED from src\main\AndroidManifest.xml:31:19-62
uses-permission#android.permission.REQUEST_INSTALL_PACKAGES
ADDED from src\main\AndroidManifest.xml:33:5-83
	android:name
		ADDED from src\main\AndroidManifest.xml:33:22-80
application
ADDED from src\main\AndroidManifest.xml:39:5-152:19
	android:label
		ADDED from src\main\AndroidManifest.xml:41:9-41
	android:persistent
		ADDED from src\main\AndroidManifest.xml:43:9-34
	android:icon
		ADDED from src\main\AndroidManifest.xml:40:9-38
	android:theme
		ADDED from src\main\AndroidManifest.xml:44:9-68
	android:name
		ADDED from src\main\AndroidManifest.xml:42:9-51
uses-library#org.apache.http.legacy
ADDED from src\main\AndroidManifest.xml:45:9-88
	android:required
		ADDED from src\main\AndroidManifest.xml:45:61-85
	android:name
		ADDED from src\main\AndroidManifest.xml:45:23-60
activity#com.mob.tools.MobUIShell
ADDED from src\main\AndroidManifest.xml:67:9-71:61
	android:windowSoftInputMode
		ADDED from src\main\AndroidManifest.xml:71:4-58
	android:configChanges
		ADDED from src\main\AndroidManifest.xml:70:4-65
	android:theme
		ADDED from src\main\AndroidManifest.xml:69:4-63
	android:name
		ADDED from src\main\AndroidManifest.xml:68:4-43
receiver#com.kylindev.totalk.utils.BootCompleteReceiver
ADDED from src\main\AndroidManifest.xml:74:9-78:20
	android:name
		ADDED from src\main\AndroidManifest.xml:74:19-61
intent-filter#action:name:android.intent.action.BOOT_COMPLETED
ADDED from src\main\AndroidManifest.xml:75:13-77:29
action#android.intent.action.BOOT_COMPLETED
ADDED from src\main\AndroidManifest.xml:76:17-79
	android:name
		ADDED from src\main\AndroidManifest.xml:76:25-76
service#com.kylindev.pttlib.service.InterpttService
ADDED from src\main\AndroidManifest.xml:80:9-83:19
	android:exported
		ADDED from src\main\AndroidManifest.xml:82:13-36
	android:name
		ADDED from src\main\AndroidManifest.xml:81:13-71
receiver#com.kylindev.pttlib.utils.MediaButtonIntentReceiver
ADDED from src\main\AndroidManifest.xml:85:9-92:20
	android:enabled
		ADDED from src\main\AndroidManifest.xml:87:13-35
	android:priority
		ADDED from src\main\AndroidManifest.xml:88:13-36
	android:name
		ADDED from src\main\AndroidManifest.xml:86:13-79
intent-filter#action:name:android.intent.action.MEDIA_BUTTON
ADDED from src\main\AndroidManifest.xml:89:13-91:29
action#android.intent.action.MEDIA_BUTTON
ADDED from src\main\AndroidManifest.xml:90:17-77
	android:name
		ADDED from src\main\AndroidManifest.xml:90:25-74
receiver#com.kylindev.pttlib.utils.AutoRestartServiceReceiver
ADDED from src\main\AndroidManifest.xml:94:9-98:20
	android:name
		ADDED from src\main\AndroidManifest.xml:94:19-86
intent-filter#action:name:com.kylindev.pttlib.auto_restart_service
ADDED from src\main\AndroidManifest.xml:95:13-97:29
action#com.kylindev.pttlib.auto_restart_service
ADDED from src\main\AndroidManifest.xml:96:17-83
	android:name
		ADDED from src\main\AndroidManifest.xml:96:25-80
meta-data#android.max_aspect
ADDED from src\main\AndroidManifest.xml:126:9-128:35
	android:value
		ADDED from src\main\AndroidManifest.xml:128:13-32
	android:name
		ADDED from src\main\AndroidManifest.xml:127:13-46
meta-data#UMENG_APPKEY
ADDED from src\main\AndroidManifest.xml:131:9-90
	android:value
		ADDED from src\main\AndroidManifest.xml:131:20-60
	android:name
		ADDED from src\main\AndroidManifest.xml:131:61-88
meta-data#UMENG_CHANNEL
ADDED from src\main\AndroidManifest.xml:132:9-77
	android:value
		ADDED from src\main\AndroidManifest.xml:132:20-46
	android:name
		ADDED from src\main\AndroidManifest.xml:132:47-75
meta-data#com.baidu.lbsapi.API_KEY
ADDED from src\main\AndroidManifest.xml:134:9-111
	android:value
		ADDED from src\main\AndroidManifest.xml:134:60-108
	android:name
		ADDED from src\main\AndroidManifest.xml:134:20-59
service#com.baidu.location.f
ADDED from src\main\AndroidManifest.xml:136:9-140:19
	android:process
		ADDED from src\main\AndroidManifest.xml:139:13-38
	android:enabled
		ADDED from src\main\AndroidManifest.xml:138:13-35
	android:name
		ADDED from src\main\AndroidManifest.xml:137:13-48
provider#android.support.v4.content.FileProvider
ADDED from src\main\AndroidManifest.xml:142:9-150:20
	android:grantUriPermissions
		ADDED from src\main\AndroidManifest.xml:146:13-47
	android:authorities
		ADDED from src\main\AndroidManifest.xml:144:13-77
	android:exported
		ADDED from src\main\AndroidManifest.xml:145:13-37
	android:name
		ADDED from src\main\AndroidManifest.xml:143:13-67
meta-data#android.support.FILE_PROVIDER_PATHS
ADDED from src\main\AndroidManifest.xml:147:13-149:57
	android:resource
		ADDED from src\main\AndroidManifest.xml:149:17-55
	android:name
		ADDED from src\main\AndroidManifest.xml:148:17-67
uses-sdk
INJECTED from src\main\AndroidManifest.xml reason: use-sdk injection requested
INJECTED from src\main\AndroidManifest.xml
INJECTED from src\main\AndroidManifest.xml
INJECTED from src\main\AndroidManifest.xml
INJECTED from src\main\AndroidManifest.xml
	android:targetSdkVersion
		INJECTED from src\main\AndroidManifest.xml
		ADDED from src\main\AndroidManifest.xml
		INJECTED from src\main\AndroidManifest.xml
	android:minSdkVersion
		INJECTED from src\main\AndroidManifest.xml
		ADDED from src\main\AndroidManifest.xml
		INJECTED from src\main\AndroidManifest.xml